<?xml version="1.0" encoding="UTF-8"?>
<testng-results ignored="0" total="1" passed="1" failed="0" skipped="0">
  <reporter-output>
  </reporter-output>
  <suite started-at="2025-08-07T21:51:15 IST" name="Default suite" finished-at="2025-08-07T21:51:15 IST" duration-ms="409">
    <groups>
    </groups>
    <test started-at="2025-08-07T21:51:15 IST" name="Default test" finished-at="2025-08-07T21:51:15 IST" duration-ms="409">
      <class name="com.testAutomation.Apitesting.tests.DataDrivenTestingUSingjsonFile">
        <test-method signature="DataDrivenTestingUsingjson()[pri:0, instance:com.testAutomation.Apitesting.tests.DataDrivenTestingUSingjsonFile@6f8e8894]" started-at="2025-08-07T21:51:15 IST" name="DataDrivenTestingUsingjson" finished-at="2025-08-07T21:51:15 IST" duration-ms="170" status="PASS">
          <reporter-output>
          </reporter-output>
        </test-method> <!-- DataDrivenTestingUsingjson -->
      </class> <!-- com.testAutomation.Apitesting.tests.DataDrivenTestingUSingjsonFile -->
    </test> <!-- Default test -->
  </suite> <!-- Default suite -->
</testng-results>
