<?xml version="1.0" encoding="UTF-8"?>
<!-- Generated by org.testng.reporters.JUnitReportReporter -->
<testsuite hostname="DESKTOP-FRTG4UG" failures="0" tests="1" name="com.testAutomation.Apitesting.tests.DataDrivenTestingUSingjsonFile" time="0.170" errors="0" timestamp="2025-08-07T21:51:16 IST" skipped="0">
  <testcase classname="com.testAutomation.Apitesting.tests.DataDrivenTestingUSingjsonFile" name="DataDrivenTestingUsingjson" time="0.170"/>
</testsuite> <!-- com.testAutomation.Apitesting.tests.DataDrivenTestingUSingjsonFile -->
