<?xml version="1.0" encoding="UTF-8"?>
<!-- Generated by org.testng.reporters.JUnitReportReporter -->
<testsuite hostname="DESKTOP-FRTG4UG" failures="0" tests="1" name="com.testAutomation.Apitesting.tests.PostApiRequest$PostAPIRequest" time="9.478" errors="0" timestamp="2025-08-04T23:37:17 IST" skipped="0">
  <testcase classname="com.testAutomation.Apitesting.tests.PostApiRequest$PostAPIRequest" name="createBooking" time="9.478"/>
</testsuite> <!-- com.testAutomation.Apitesting.tests.PostApiRequest$PostAPIRequest -->
